<?xml version="1.0" encoding="UTF-8"?>
<!-- Generated by org.testng.reporters.JUnitXMLReporter -->
<testsuite ignored="0" hostname="TVDLT054" failures="7" tests="8" name="Test" time="77.594" errors="0" timestamp="2021-09-23T16:19:04 IST">
  <testcase classname="ninja.techved.com_testCases.TC2_Login" name="TC2_Login" time="8.355">
    <failure type="java.lang.AssertionError" message="expected [true] but found [false]">
      <![CDATA[java.lang.AssertionError: expected [true] but found [false]
at ninja.techved.com_testCases.TC2_Login.TC2_Login(TC2_Login.java:53)
at java.base/java.util.ArrayList.forEach(ArrayList.java:1511)
... Removed 31 stack frames]]>
    </failure>
  </testcase> <!-- TC2_Login -->
  <testcase classname="ninja.techved.com_testCases.TC2_Login" name="TC2_Login" time="7.594">
    <failure type="java.lang.AssertionError" message="expected [true] but found [false]">
      <![CDATA[java.lang.AssertionError: expected [true] but found [false]
at ninja.techved.com_testCases.TC2_Login.TC2_Login(TC2_Login.java:53)
at java.base/java.util.ArrayList.forEach(ArrayList.java:1511)
... Removed 31 stack frames]]>
    </failure>
  </testcase> <!-- TC2_Login -->
  <testcase classname="ninja.techved.com_testCases.TC2_Login" name="TC2_Login" time="7.505">
    <failure type="java.lang.AssertionError" message="expected [true] but found [false]">
      <![CDATA[java.lang.AssertionError: expected [true] but found [false]
at ninja.techved.com_testCases.TC2_Login.TC2_Login(TC2_Login.java:43)
at java.base/java.util.ArrayList.forEach(ArrayList.java:1511)
... Removed 31 stack frames]]>
    </failure>
  </testcase> <!-- TC2_Login -->
  <testcase classname="ninja.techved.com_testCases.TC2_Login" name="TC2_Login" time="7.497">
    <failure type="java.lang.AssertionError" message="expected [true] but found [false]">
      <![CDATA[java.lang.AssertionError: expected [true] but found [false]
at ninja.techved.com_testCases.TC2_Login.TC2_Login(TC2_Login.java:53)
at java.base/java.util.ArrayList.forEach(ArrayList.java:1511)
... Removed 31 stack frames]]>
    </failure>
  </testcase> <!-- TC2_Login -->
  <testcase classname="ninja.techved.com_testCases.TC2_Login" name="TC2_Login" time="7.555">
    <failure type="java.lang.AssertionError" message="expected [true] but found [false]">
      <![CDATA[java.lang.AssertionError: expected [true] but found [false]
at ninja.techved.com_testCases.TC2_Login.TC2_Login(TC2_Login.java:53)
at java.base/java.util.ArrayList.forEach(ArrayList.java:1511)
... Removed 31 stack frames]]>
    </failure>
  </testcase> <!-- TC2_Login -->
  <testcase classname="ninja.techved.com_testCases.TC2_Login" name="TC2_Login" time="7.58">
    <failure type="java.lang.AssertionError" message="expected [true] but found [false]">
      <![CDATA[java.lang.AssertionError: expected [true] but found [false]
at ninja.techved.com_testCases.TC2_Login.TC2_Login(TC2_Login.java:53)
at java.base/java.util.ArrayList.forEach(ArrayList.java:1511)
... Removed 31 stack frames]]>
    </failure>
  </testcase> <!-- TC2_Login -->
  <testcase classname="ninja.techved.com_testCases.TC2_Login" name="TC2_Login" time="7.574">
    <failure type="java.lang.AssertionError" message="expected [true] but found [false]">
      <![CDATA[java.lang.AssertionError: expected [true] but found [false]
at ninja.techved.com_testCases.TC2_Login.TC2_Login(TC2_Login.java:53)
at java.base/java.util.ArrayList.forEach(ArrayList.java:1511)
... Removed 31 stack frames]]>
    </failure>
  </testcase> <!-- TC2_Login -->
  <testcase classname="ninja.techved.com_testCases.TC2_Login" name="TC2_Login" time="17.562"/>
</testsuite> <!-- Test -->
